<?xml version="1.0" encoding="UTF-8"?>
<Site BuildName="Linux-g++"
	BuildStamp="20240510-0804-Experimental"
	Name="ragnarok"
	Generator="ctest-3.28.3"
	CompilerName="/usr/bin/g++"
	CompilerVersion="13.2.0"
	OSName="Linux"
	Hostname="ragnarok"
	OSRelease="6.8.0-31-generic"
	OSVersion="#31-Ubuntu SMP PREEMPT_DYNAMIC Sat Apr 20 00:40:06 UTC 2024"
	OSPlatform="x86_64"
	Is64Bits="1"
	VendorString="GenuineIntel"
	VendorID="Intel Corporation"
	FamilyID="6"
	ModelID="126"
	ProcessorCacheSize="6144"
	NumberOfLogicalCPU="8"
	NumberOfPhysicalCPU="4"
	TotalVirtualMemory="7789"
	TotalPhysicalMemory="15681"
	LogicalProcessorsPerPhysical="2"
	ProcessorClockFrequency="1700.04"
	>
	<Testing>
		<StartDateTime>May 10 13:34 IST</StartDateTime>
		<StartTestTime>1715328241</StartTestTime>
		<TestList/>
		<EndDateTime>May 10 13:34 IST</EndDateTime>
		<EndTestTime>1715328241</EndTestTime>
		<ElapsedMinutes>0</ElapsedMinutes>
	</Testing>
</Site>
