<?xml version="1.0" encoding="UTF-8"?>
<Site BuildName="Linux-g++"
	BuildStamp="20240721-1919-Experimental"
	Name="ragnarok"
	Generator="ctest-3.28.3"
	CompilerName="/usr/bin/g++"
	CompilerVersion="13.2.0"
	OSName="Linux"
	Hostname="ragnarok"
	OSRelease="6.8.0-35-generic"
	OSVersion="#35-Ubuntu SMP PREEMPT_DYNAMIC Mon May 20 15:51:52 UTC 2024"
	OSPlatform="x86_64"
	Is64Bits="1"
	VendorString="GenuineIntel"
	VendorID="Intel Corporation"
	FamilyID="6"
	ModelID="126"
	ProcessorCacheSize="6144"
	NumberOfLogicalCPU="8"
	NumberOfPhysicalCPU="4"
	TotalVirtualMemory="7789"
	TotalPhysicalMemory="15681"
	LogicalProcessorsPerPhysical="2"
	ProcessorClockFrequency="1300.03"
	>
	<Testing>
		<StartDateTime>Jul 22 00:49 IST</StartDateTime>
		<StartTestTime>1721589595</StartTestTime>
		<TestList/>
		<EndDateTime>Jul 22 00:49 IST</EndDateTime>
		<EndTestTime>1721589595</EndTestTime>
		<ElapsedMinutes>0</ElapsedMinutes>
	</Testing>
</Site>
