<?xml version="1.0" encoding="UTF-8"?>
<Site BuildName="Linux-g++"
	BuildStamp="20240821-1710-Experimental"
	Name="ragnarok"
	Generator="ctest-3.28.3"
	CompilerName="/usr/bin/g++"
	CompilerVersion="13.2.0"
	OSName="Linux"
	Hostname="ragnarok"
	OSRelease="6.8.0-38-generic"
	OSVersion="#38-Ubuntu SMP PREEMPT_DYNAMIC Fri Jun  7 15:25:01 UTC 2024"
	OSPlatform="x86_64"
	Is64Bits="1"
	VendorString="GenuineIntel"
	VendorID="Intel Corporation"
	FamilyID="6"
	ModelID="126"
	ProcessorCacheSize="6144"
	NumberOfLogicalCPU="8"
	NumberOfPhysicalCPU="4"
	TotalVirtualMemory="7789"
	TotalPhysicalMemory="15681"
	LogicalProcessorsPerPhysical="2"
	ProcessorClockFrequency="1600.02"
	>
	<Testing>
		<StartDateTime>Aug 21 22:40 IST</StartDateTime>
		<StartTestTime>1724260226</StartTestTime>
		<TestList/>
		<EndDateTime>Aug 21 22:40 IST</EndDateTime>
		<EndTestTime>1724260226</EndTestTime>
		<ElapsedMinutes>0</ElapsedMinutes>
	</Testing>
</Site>
